Performing C SOURCE FILE Test CMAKE_HAVE_LIBC_PTHREAD failed with the following output:
Change Dir: /home/merlin/Projects/Programming/gfx/atti-config/build/CMakeFiles/CMakeTmp

Run Build Command(s):/usr/bin/make -f Makefile cmTC_eaece/fast && /usr/bin/make  -f CMakeFiles/cmTC_eaece.dir/build.make CMakeFiles/cmTC_eaece.dir/build
make[1]: Entering directory '/home/merlin/Projects/Programming/gfx/atti-config/build/CMakeFiles/CMakeTmp'
Building C object CMakeFiles/cmTC_eaece.dir/src.c.o
/usr/bin/cc -DCMAKE_HAVE_LIBC_PTHREAD   -o CMakeFiles/cmTC_eaece.dir/src.c.o -c /home/merlin/Projects/Programming/gfx/atti-config/build/CMakeFiles/CMakeTmp/src.c
Linking C executable cmTC_eaece
/usr/bin/cmake -E cmake_link_script CMakeFiles/cmTC_eaece.dir/link.txt --verbose=1
/usr/bin/cc CMakeFiles/cmTC_eaece.dir/src.c.o -o cmTC_eaece 
/usr/bin/ld: CMakeFiles/cmTC_eaece.dir/src.c.o: in function `main':
src.c:(.text+0x3e): undefined reference to `pthread_create'
/usr/bin/ld: src.c:(.text+0x4a): undefined reference to `pthread_detach'
/usr/bin/ld: src.c:(.text+0x56): undefined reference to `pthread_cancel'
/usr/bin/ld: src.c:(.text+0x67): undefined reference to `pthread_join'
collect2: error: ld returned 1 exit status
make[1]: *** [CMakeFiles/cmTC_eaece.dir/build.make:99: cmTC_eaece] Error 1
make[1]: Leaving directory '/home/merlin/Projects/Programming/gfx/atti-config/build/CMakeFiles/CMakeTmp'
make: *** [Makefile:127: cmTC_eaece/fast] Error 2


Source file was:
#include <pthread.h>

static void* test_func(void* data)
{
  return data;
}

int main(void)
{
  pthread_t thread;
  pthread_create(&thread, NULL, test_func, NULL);
  pthread_detach(thread);
  pthread_cancel(thread);
  pthread_join(thread, NULL);
  pthread_atfork(NULL, NULL, NULL);
  pthread_exit(NULL);

  return 0;
}

Determining if the function pthread_create exists in the pthreads failed with the following output:
Change Dir: /home/merlin/Projects/Programming/gfx/atti-config/build/CMakeFiles/CMakeTmp

Run Build Command(s):/usr/bin/make -f Makefile cmTC_86f76/fast && /usr/bin/make  -f CMakeFiles/cmTC_86f76.dir/build.make CMakeFiles/cmTC_86f76.dir/build
make[1]: Entering directory '/home/merlin/Projects/Programming/gfx/atti-config/build/CMakeFiles/CMakeTmp'
Building C object CMakeFiles/cmTC_86f76.dir/CheckFunctionExists.c.o
/usr/bin/cc   -DCHECK_FUNCTION_EXISTS=pthread_create -o CMakeFiles/cmTC_86f76.dir/CheckFunctionExists.c.o -c /usr/share/cmake/Modules/CheckFunctionExists.c
Linking C executable cmTC_86f76
/usr/bin/cmake -E cmake_link_script CMakeFiles/cmTC_86f76.dir/link.txt --verbose=1
/usr/bin/cc  -DCHECK_FUNCTION_EXISTS=pthread_create CMakeFiles/cmTC_86f76.dir/CheckFunctionExists.c.o -o cmTC_86f76  -lpthreads 
/usr/bin/ld: cannot find -lpthreads
collect2: error: ld returned 1 exit status
make[1]: *** [CMakeFiles/cmTC_86f76.dir/build.make:99: cmTC_86f76] Error 1
make[1]: Leaving directory '/home/merlin/Projects/Programming/gfx/atti-config/build/CMakeFiles/CMakeTmp'
make: *** [Makefile:127: cmTC_86f76/fast] Error 2



